[Error] TypeError: viewModel.setTipoDeDado is not a function. (In 'viewModel.setTipoDeDado(nome)', 'viewModel.setTipoDeDado' is undefined)
	onClick (webpack_sharing_consume_default_reduxjs_toolkit_reduxjs_toolkit-webpack_sharing_consume_defau-e9c4a5.chunk.js:1986)
	(função anônima) (NavItem.js:74)
	(função anônima) (ListGroupItem.js:49)
	callCallback (react-dom.development.js:4164)
	dispatchEvent
	invokeGuardedCallbackDev (react-dom.development.js:4213)
	invokeGuardedCallback (react-dom.development.js:4277)
	invokeGuardedCallbackAndCatchFirstError (react-dom.development.js:4291)
	executeDispatch (react-dom.development.js:9041)
	processDispatchQueueItemsInOrder (react-dom.development.js:9073)
	processDispatchQueue (react-dom.development.js:9086)
	dispatchEventsForPlugins (react-dom.development.js:9097)
	batchedUpdates$1 (react-dom.development.js:26175)
	batchedUpdates (react-dom.development.js:3991)
	dispatchEventForPluginEventSystem (react-dom.development.js:9287)
	dispatchEventWithEnableCapturePhaseSelectiveHydrationWithoutDiscreteEventReplay (react-dom.development.js:6465)
	dispatchEvent (react-dom.development.js:6457:85)
	dispatchDiscreteEvent (react-dom.development.js:6430)
[Error] Error: A cross-origin error was thrown. React doesn't have access to the actual error object in development. See https://reactjs.org/link/crossorigin-error for more information.
	rethrowCaughtError (react-dom.development.js:4226)
	processDispatchQueue (react-dom.development.js:9090)
	dispatchEventsForPlugins (react-dom.development.js:9097)
	batchedUpdates$1 (react-dom.development.js:26175)
	batchedUpdates (react-dom.development.js:3991)
	dispatchEventForPluginEventSystem (react-dom.development.js:9287)
	dispatchEventWithEnableCapturePhaseSelectiveHydrationWithoutDiscreteEventReplay (react-dom.development.js:6465)
	dispatchEvent (react-dom.development.js:6457:85)
	dispatchDiscreteEvent (react-dom.development.js:6430)